Using pre-set license
Built from '2021.1/staging' branch; Version is '2021.1.3f1 (4bef613afd59) revision 4976481'; Using compiler version '192528614'; Build Type 'Release'
OS: 'Windows 10 Pro; OS build 19041.928; Version 2004; 64bit' Language: 'en' Physical Memory: 8174 MB
BatchMode: 1, IsHumanControllingUs: 0, StartBugReporterOnCrash: 0, Is64bit: 1, IsPro: 0

 COMMAND LINE ARGUMENTS:
C:\Program Files\Unity\Hub\Editor\2021.1.3f1\Editor\Unity.exe
-adb2
-batchMode
-noUpm
-name
AssetImportWorker0
-projectPath
G:/Users/Billy/Documents/GitHub/ld-48/Ld48
-logFile
Logs/AssetImportWorker0.log
-srvPort
57002
Successfully changed project path to: G:/Users/Billy/Documents/GitHub/ld-48/Ld48
G:/Users/Billy/Documents/GitHub/ld-48/Ld48
Using Asset Import Pipeline V2.
Refreshing native plugins compatible for Editor in 136.77 ms, found 1 plugins.
Preloading 0 native plugins for Editor in 0.00 ms.
Initialize engine version: 2021.1.3f1 (4bef613afd59)
[Subsystems] Discovering subsystems at path C:/Program Files/Unity/Hub/Editor/2021.1.3f1/Editor/Data/Resources/UnitySubsystems
[Subsystems] Discovering subsystems at path G:/Users/Billy/Documents/GitHub/ld-48/Ld48/Assets
GfxDevice: creating device client; threaded=0; jobified=0
Direct3D:
    Version:  Direct3D 11.0 [level 11.0]
    Renderer: NVIDIA GeForce GT 730 (ID=0x1287)
    Vendor:   NVIDIA
    VRAM:     2007 MB
    Driver:   27.21.14.5671
Initialize mono
Mono path[0] = 'C:/Program Files/Unity/Hub/Editor/2021.1.3f1/Editor/Data/Managed'
Mono path[1] = 'C:/Program Files/Unity/Hub/Editor/2021.1.3f1/Editor/Data/MonoBleedingEdge/lib/mono/unityjit'
Mono config path = 'C:/Program Files/Unity/Hub/Editor/2021.1.3f1/Editor/Data/MonoBleedingEdge/etc'
Using monoOptions --debugger-agent=transport=dt_socket,embedding=1,server=y,suspend=n,address=127.0.0.1:56016
Begin MonoManager ReloadAssembly
Registering precompiled unity dll's ...
Register platform support module: C:/Program Files/Unity/Hub/Editor/2021.1.3f1/Editor/Data/PlaybackEngines/WebGLSupport/UnityEditor.WebGL.Extensions.dll
Register platform support module: C:/Program Files/Unity/Hub/Editor/2021.1.3f1/Editor/Data/PlaybackEngines/WindowsStandaloneSupport/UnityEditor.WindowsStandalone.Extensions.dll
Registered in 0.004631 seconds.
Native extension for WindowsStandalone target not found
Native extension for WebGL target not found
Refreshing native plugins compatible for Editor in 128.54 ms, found 1 plugins.
Preloading 0 native plugins for Editor in 0.00 ms.
Mono: successfully reloaded assembly
- Completed reload, in  2.191 seconds
Platform modules already initialized, skipping
Registering precompiled user dll's ...
Registered in 0.004494 seconds.
Begin MonoManager ReloadAssembly
Native extension for WindowsStandalone target not found
Native extension for WebGL target not found
Refreshing native plugins compatible for Editor in 0.75 ms, found 1 plugins.
Preloading 0 native plugins for Editor in 0.00 ms.
Mono: successfully reloaded assembly
- Completed reload, in  1.893 seconds
Platform modules already initialized, skipping
========================================================================
Worker process is ready to serve import requests
Launched and connected shader compiler UnityShaderCompiler.exe after 0.10 seconds
Refreshing native plugins compatible for Editor in 0.64 ms, found 1 plugins.
Preloading 0 native plugins for Editor in 0.00 ms.
Unloading 2665 Unused Serialized files (Serialized files now loaded: 0)
System memory in use before: 98.1 MB.
System memory in use after: 98.3 MB.

Unloading 15 unused Assets to reduce memory usage. Loaded Objects now: 3117.
Total: 2.902000 ms (FindLiveObjects: 0.369100 ms CreateObjectMapping: 0.182600 ms MarkObjects: 2.242200 ms  DeleteObjects: 0.106000 ms)

========================================================================
Received Import Request.
  path: Assets
  artifactKey: Guid(00000000000000001000000000000000) Importer(815301076,1909f56bfc062723c751e8b465ee728b)
Start importing Assets using Guid(00000000000000001000000000000000) Importer(815301076,1909f56bfc062723c751e8b465ee728b)  -> (artifact id: 'efcc68737208a1d7a8581e190ec11b99') in 0.007428 seconds 
========================================================================
Received Import Request.
  Time since last request: 1.107716 seconds.
  path: Assets/Scripts
  artifactKey: Guid(4f1ec1bbc45bb7b4d869dec46d4fcc8e) Importer(815301076,1909f56bfc062723c751e8b465ee728b)
Start importing Assets/Scripts using Guid(4f1ec1bbc45bb7b4d869dec46d4fcc8e) Importer(815301076,1909f56bfc062723c751e8b465ee728b)  -> (artifact id: 'e2081a0bf8b4c0a3a4aa1331f762245f') in 0.007317 seconds 
========================================================================
Received Import Request.
  Time since last request: 38.082606 seconds.
  path: Assets/New Folder
  artifactKey: Guid(3fabdf3bd750cac41bb2f83122c6ad44) Importer(815301076,1909f56bfc062723c751e8b465ee728b)
Start importing Assets/New Folder using Guid(3fabdf3bd750cac41bb2f83122c6ad44) Importer(815301076,1909f56bfc062723c751e8b465ee728b)  -> (artifact id: 'ca4f200126d845ed7fcefc3add3ca300') in 0.007663 seconds 
========================================================================
Received Import Request.
  Time since last request: 8.734502 seconds.
  path: Assets/Models
  artifactKey: Guid(3fabdf3bd750cac41bb2f83122c6ad44) Importer(815301076,1909f56bfc062723c751e8b465ee728b)
Start importing Assets/Models using Guid(3fabdf3bd750cac41bb2f83122c6ad44) Importer(815301076,1909f56bfc062723c751e8b465ee728b)  -> (artifact id: '64b08031bba43785de70ff7c5a1ede0e') in 0.004268 seconds 
========================================================================
Received Import Request.
  Time since last request: 6.408872 seconds.
  path: Assets/Prefabs
  artifactKey: Guid(35a1cf262f4b70445a8735fd57d41118) Importer(815301076,1909f56bfc062723c751e8b465ee728b)
Start importing Assets/Prefabs using Guid(35a1cf262f4b70445a8735fd57d41118) Importer(815301076,1909f56bfc062723c751e8b465ee728b)  -> (artifact id: '2722824413fc6facfe9ae6bad6f4994c') in 0.011220 seconds 
========================================================================
Received Import Request.
  Time since last request: 8.679030 seconds.
  path: Assets/Music
  artifactKey: Guid(82b9b4b8d78e0724395a8e05c3558e2b) Importer(815301076,1909f56bfc062723c751e8b465ee728b)
Start importing Assets/Music using Guid(82b9b4b8d78e0724395a8e05c3558e2b) Importer(815301076,1909f56bfc062723c751e8b465ee728b)  -> (artifact id: 'c76e6fd5304f587509adfa30b817b318') in 0.011759 seconds 
========================================================================
Received Import Request.
  Time since last request: 8.382299 seconds.
  path: Assets/New Folder
  artifactKey: Guid(ce9fcbf8bb8fcc24da32a72dcd13400f) Importer(815301076,1909f56bfc062723c751e8b465ee728b)
Start importing Assets/New Folder using Guid(ce9fcbf8bb8fcc24da32a72dcd13400f) Importer(815301076,1909f56bfc062723c751e8b465ee728b)  -> (artifact id: '97f2a8f915d807cad2c629c0f8a693f6') in 0.029844 seconds 
========================================================================
Received Import Request.
  Time since last request: 5.987884 seconds.
  path: Assets/Materials
  artifactKey: Guid(ce9fcbf8bb8fcc24da32a72dcd13400f) Importer(815301076,1909f56bfc062723c751e8b465ee728b)
Start importing Assets/Materials using Guid(ce9fcbf8bb8fcc24da32a72dcd13400f) Importer(815301076,1909f56bfc062723c751e8b465ee728b)  -> (artifact id: '640e6e47dc2eb4de34fca153e5c9a527') in 0.006739 seconds 
AssetImportWorkerClient::OnTransportError - code=2 error=End of file
